<?xml version="1.0" encoding="UTF-8"?>
<!-- Generated by org.testng.reporters.JUnitXMLReporter -->
<testsuite ignored="7" hostname="vinoth" failures="1" tests="5" name="XIPerformerTest" time="105.064" errors="0" timestamp="2025-11-22T16:36:29 IST">
  <testcase classname="com.XIPerformer.testcases.SanityTestCases" name="loginjourney" time="3.599"/>
  <testcase classname="com.XIPerformer.testcases.SanityTestCases" name="newPreparationwithdata" time="36.736"/>
  <testcase classname="com.XIPerformer.testcases.SanityTestCases" name="newPreparationwithdata" time="33.181"/>
  <testcase classname="com.XIPerformer.testcases.SanityTestCases" name="newPreparationwithdataEdit" time="9.803">
    <failure type="org.openqa.selenium.StaleElementReferenceException" message="stale element reference: stale element not found
  (Session info: chrome=142.0.7444.135)
For documentation on this error, please visit: https://www.selenium.dev/documentation/webdriver/troubleshooting/errors#stale-element-reference-exception
Build info: version: &amp;apos;4.18.1&amp;apos;, revision: &amp;apos;b1d3319b48&amp;apos;
System info: os.name: &amp;apos;Windows 11&amp;apos;, os.arch: &amp;apos;amd64&amp;apos;, os.version: &amp;apos;10.0&amp;apos;, java.version: &amp;apos;17.0.8&amp;apos;
Driver info: org.openqa.selenium.chrome.ChromeDriver
Command: [d4c42dff24e4323815169d7db38687d9, findChildElements {using=tag name, value=td, id=f.605864C31A81A54D0D5514B5DF1D7A9A.d.B01D308784DE5AD60C39252EEF681D16.e.787}]
Capabilities {acceptInsecureCerts: false, browserName: chrome, browserVersion: 142.0.7444.135, chrome: {chromedriverVersion: 142.0.7444.175 (302067f14a4..., userDataDir: C:\Users\vinot\AppData\Loca...}, fedcm:accounts: true, goog:chromeOptions: {debuggerAddress: localhost:53333}, goog:processID: 28248, networkConnectionEnabled: false, pageLoadStrategy: normal, platformName: windows, proxy: Proxy(), se:cdp: ws://localhost:53333/devtoo..., se:cdpVersion: 142.0.7444.135, setWindowRect: true, strictFileInteractability: false, timeouts: {implicit: 0, pageLoad: 300000, script: 30000}, unhandledPromptBehavior: dismiss and notify, webauthn:extension:credBlob: true, webauthn:extension:largeBlob: true, webauthn:extension:minPinLength: true, webauthn:extension:prf: true, webauthn:virtualAuthenticators: true}
Session ID: d4c42dff24e4323815169d7db38687d9">
      <![CDATA[org.openqa.selenium.StaleElementReferenceException: stale element reference: stale element not found
  (Session info: chrome=142.0.7444.135)
For documentation on this error, please visit: https://www.selenium.dev/documentation/webdriver/troubleshooting/errors#stale-element-reference-exception
Build info: version: '4.18.1', revision: 'b1d3319b48'
System info: os.name: 'Windows 11', os.arch: 'amd64', os.version: '10.0', java.version: '17.0.8'
Driver info: org.openqa.selenium.chrome.ChromeDriver
Command: [d4c42dff24e4323815169d7db38687d9, findChildElements {using=tag name, value=td, id=f.605864C31A81A54D0D5514B5DF1D7A9A.d.B01D308784DE5AD60C39252EEF681D16.e.787}]
Capabilities {acceptInsecureCerts: false, browserName: chrome, browserVersion: 142.0.7444.135, chrome: {chromedriverVersion: 142.0.7444.175 (302067f14a4..., userDataDir: C:\Users\vinot\AppData\Loca...}, fedcm:accounts: true, goog:chromeOptions: {debuggerAddress: localhost:53333}, goog:processID: 28248, networkConnectionEnabled: false, pageLoadStrategy: normal, platformName: windows, proxy: Proxy(), se:cdp: ws://localhost:53333/devtoo..., se:cdpVersion: 142.0.7444.135, setWindowRect: true, strictFileInteractability: false, timeouts: {implicit: 0, pageLoad: 300000, script: 30000}, unhandledPromptBehavior: dismiss and notify, webauthn:extension:credBlob: true, webauthn:extension:largeBlob: true, webauthn:extension:minPinLength: true, webauthn:extension:prf: true, webauthn:virtualAuthenticators: true}
Session ID: d4c42dff24e4323815169d7db38687d9
at org.openqa.selenium.remote.ErrorCodec.decode(ErrorCodec.java:167)
at org.openqa.selenium.remote.codec.w3c.W3CHttpResponseCodec.decode(W3CHttpResponseCodec.java:138)
at org.openqa.selenium.remote.codec.w3c.W3CHttpResponseCodec.decode(W3CHttpResponseCodec.java:50)
at org.openqa.selenium.remote.HttpCommandExecutor.execute(HttpCommandExecutor.java:190)
at org.openqa.selenium.remote.service.DriverCommandExecutor.invokeExecute(DriverCommandExecutor.java:216)
at org.openqa.selenium.remote.service.DriverCommandExecutor.execute(DriverCommandExecutor.java:174)
at org.openqa.selenium.remote.RemoteWebDriver.execute(RemoteWebDriver.java:519)
at org.openqa.selenium.remote.ElementLocation$ElementFinder$2.findElements(ElementLocation.java:182)
at org.openqa.selenium.remote.ElementLocation.findElements(ElementLocation.java:103)
at org.openqa.selenium.remote.RemoteWebDriver.findElements(RemoteWebDriver.java:369)
at org.openqa.selenium.remote.RemoteWebElement.findElements(RemoteWebElement.java:203)
at com.XIPerformer.pageobject.NewPreparationPage.tableDataEdit(NewPreparationPage.java:360)
at com.XIPerformer.testcases.SanityTestCases.newPreparationwithdataEdit(SanityTestCases.java:115)
at java.base/java.util.concurrent.Executors$RunnableAdapter.call(Executors.java:539)
at java.base/java.util.concurrent.FutureTask.run(FutureTask.java:264)
at java.base/java.util.concurrent.ThreadPoolExecutor.runWorker(ThreadPoolExecutor.java:1136)
at java.base/java.util.concurrent.ThreadPoolExecutor$Worker.run(ThreadPoolExecutor.java:635)
at java.base/java.lang.Thread.run(Thread.java:833)
... Removed 18 stack frames]]>
    </failure>
  </testcase> <!-- newPreparationwithdataEdit -->
  <testcase classname="com.XIPerformer.testcases.SanityTestCases" name="assignButtonEdit" time="5.193"/>
  <testcase classname="com.XIPerformer.testcases.SanityTestCases" name="combinationMaster" time="0.0">
    <ignored/>
  </testcase> <!-- combinationMaster -->
  <testcase classname="com.XIPerformer.testcases.SanityTestCases" name="submitButton" time="0.0">
    <ignored/>
  </testcase> <!-- submitButton -->
  <testcase classname="com.XIPerformer.testcases.SanityTestCases" name="downloadExecise" time="0.0">
    <ignored/>
  </testcase> <!-- downloadExecise -->
  <testcase classname="com.XIPerformer.testcases.SanityTestCases" name="assignButton" time="0.0">
    <ignored/>
  </testcase> <!-- assignButton -->
  <testcase classname="com.XIPerformer.testcases.SanityTestCases" name="newPreparation" time="0.0">
    <ignored/>
  </testcase> <!-- newPreparation -->
  <testcase classname="com.XIPerformer.testcases.SanityTestCases" name="execisejourney" time="0.0">
    <ignored/>
  </testcase> <!-- execisejourney -->
  <testcase classname="com.XIPerformer.testcases.SanityTestCases" name="combinationmasterClick" time="0.0">
    <ignored/>
  </testcase> <!-- combinationmasterClick -->
</testsuite> <!-- XIPerformerTest -->
