<?xml version="1.0" encoding="UTF-8"?>
<!-- Generated by org.testng.reporters.JUnitXMLReporter -->
<testsuite ignored="0" hostname="vinoth" failures="0" tests="3" name="XIPerformerTest" time="110.529" errors="0" timestamp="2025-11-29T15:01:25 IST">
  <testcase classname="com.XIPerformer.testcases.SanityManagerLoginUserReg" name="loginjourney" time="3.566"/>
  <testcase classname="com.XIPerformer.testcases.SanityManagerLoginUserReg" name="userRegisterDetailsForCoach" time="44.709"/>
  <testcase classname="com.XIPerformer.testcases.SanityManagerLoginUserReg" name="userRegisterDetailsForPlayer" time="50.39"/>
</testsuite> <!-- XIPerformerTest -->
