<?xml version="1.0" encoding="UTF-8"?>
<!-- Generated by org.testng.reporters.JUnitXMLReporter -->
<testsuite ignored="2" hostname="vinoth" failures="0" tests="8" name="XIPerformerTest" time="144.21" errors="0" timestamp="2025-11-18T18:37:14 IST">
  <testcase classname="com.XIPerformer.testcases.SanityTestCases" name="loginjourney" time="3.569"/>
  <testcase classname="com.XIPerformer.testcases.SanityTestCases" name="combinationmasterClick" time="9.825"/>
  <testcase classname="com.XIPerformer.testcases.SanityTestCases" name="combinationMaster" time="21.732"/>
  <testcase classname="com.XIPerformer.testcases.SanityTestCases" name="combinationMaster" time="20.576"/>
  <testcase classname="com.XIPerformer.testcases.SanityTestCases" name="combinationMaster" time="20.594"/>
  <testcase classname="com.XIPerformer.testcases.SanityTestCases" name="combinationMaster" time="20.371"/>
  <testcase classname="com.XIPerformer.testcases.SanityTestCases" name="combinationMaster" time="20.879"/>
  <testcase classname="com.XIPerformer.testcases.SanityTestCases" name="submitButton" time="0.206"/>
  <testcase classname="com.XIPerformer.testcases.SanityTestCases" name="downloadExecise" time="0.0">
    <ignored/>
  </testcase> <!-- downloadExecise -->
  <testcase classname="com.XIPerformer.testcases.SanityTestCases" name="execisejourney" time="0.0">
    <ignored/>
  </testcase> <!-- execisejourney -->
</testsuite> <!-- XIPerformerTest -->
