<?xml version="1.0" encoding="UTF-8"?>
<testng-results ignored="0" total="8" passed="8" failed="0" skipped="0">
  <reporter-output>
  </reporter-output>
  <suite started-at="2025-11-18T18:34:50 IST" name="XIPerformerTest" finished-at="2025-11-18T18:37:14 IST" duration-ms="144210">
    <groups>
    </groups>
    <test started-at="2025-11-18T18:34:50 IST" name="XIPerformerTest" finished-at="2025-11-18T18:37:14 IST" duration-ms="144210">
      <class name="com.XIPerformer.testcases.SanityTestCases">
        <test-method is-config="true" signature="setup()[pri:0, instance:com.XIPerformer.testcases.SanityTestCases@5c7933ad]" started-at="2025-11-18T18:34:50 IST" name="setup" finished-at="2025-11-18T18:35:11 IST" duration-ms="21341" status="PASS">
          <reporter-output>
          </reporter-output>
        </test-method> <!-- setup -->
        <test-method signature="loginjourney()[pri:1, instance:com.XIPerformer.testcases.SanityTestCases@5c7933ad]" started-at="2025-11-18T18:35:11 IST" name="loginjourney" finished-at="2025-11-18T18:35:15 IST" duration-ms="3569" status="PASS">
          <reporter-output>
          </reporter-output>
        </test-method> <!-- loginjourney -->
        <test-method signature="combinationmasterClick()[pri:4, instance:com.XIPerformer.testcases.SanityTestCases@5c7933ad]" started-at="2025-11-18T18:35:15 IST" name="combinationmasterClick" finished-at="2025-11-18T18:35:24 IST" duration-ms="9825" status="PASS">
          <reporter-output>
          </reporter-output>
        </test-method> <!-- combinationmasterClick -->
        <test-method signature="combinationMaster(java.lang.String,java.lang.String,java.lang.String,java.lang.String,java.lang.String,java.lang.String,java.lang.String,java.lang.String,java.lang.String,java.lang.String,java.lang.String)[pri:5, instance:com.XIPerformer.testcases.SanityTestCases@5c7933ad]" started-at="2025-11-18T18:35:26 IST" name="combinationMaster" data-provider="CombinationData" finished-at="2025-11-18T18:35:48 IST" duration-ms="21732" status="PASS">
          <params>
            <param index="0">
              <value>
                <![CDATA[pull ups spl]]>
              </value>
            </param>
            <param index="1">
              <value>
                <![CDATA[Warm_UP]]>
              </value>
            </param>
            <param index="2">
              <value>
                <![CDATA[Private]]>
              </value>
            </param>
            <param index="3">
              <value>
                <![CDATA[]]>
              </value>
            </param>
            <param index="4">
              <value>
                <![CDATA[Exercise 4]]>
              </value>
            </param>
            <param index="5">
              <value>
                <![CDATA[C:\\Users\\vinot\\Downloads\\OIP.jpeg]]>
              </value>
            </param>
            <param index="6">
              <value>
                <![CDATA[11]]>
              </value>
            </param>
            <param index="7">
              <value>
                <![CDATA[12]]>
              </value>
            </param>
            <param index="8">
              <value>
                <![CDATA[00:04:05]]>
              </value>
            </param>
            <param index="9">
              <value>
                <![CDATA[00:02:10]]>
              </value>
            </param>
            <param index="10">
              <value>
                <![CDATA[01:04:10]]>
              </value>
            </param>
          </params>
          <reporter-output>
          </reporter-output>
        </test-method> <!-- combinationMaster -->
        <test-method signature="combinationMaster(java.lang.String,java.lang.String,java.lang.String,java.lang.String,java.lang.String,java.lang.String,java.lang.String,java.lang.String,java.lang.String,java.lang.String,java.lang.String)[pri:5, instance:com.XIPerformer.testcases.SanityTestCases@5c7933ad]" started-at="2025-11-18T18:35:48 IST" name="combinationMaster" data-provider="CombinationData" finished-at="2025-11-18T18:36:08 IST" duration-ms="20576" status="PASS">
          <params>
            <param index="0">
              <value>
                <![CDATA[]]>
              </value>
            </param>
            <param index="1">
              <value>
                <![CDATA[]]>
              </value>
            </param>
            <param index="2">
              <value>
                <![CDATA[Collaborate]]>
              </value>
            </param>
            <param index="3">
              <value>
                <![CDATA[Pull Up]]>
              </value>
            </param>
            <param index="4">
              <value>
                <![CDATA[]]>
              </value>
            </param>
            <param index="5">
              <value>
                <![CDATA[]]>
              </value>
            </param>
            <param index="6">
              <value>
                <![CDATA[10]]>
              </value>
            </param>
            <param index="7">
              <value>
                <![CDATA[11]]>
              </value>
            </param>
            <param index="8">
              <value>
                <![CDATA[00:03:10]]>
              </value>
            </param>
            <param index="9">
              <value>
                <![CDATA[00:02:15]]>
              </value>
            </param>
            <param index="10">
              <value>
                <![CDATA[00:02:20]]>
              </value>
            </param>
          </params>
          <reporter-output>
          </reporter-output>
        </test-method> <!-- combinationMaster -->
        <test-method signature="combinationMaster(java.lang.String,java.lang.String,java.lang.String,java.lang.String,java.lang.String,java.lang.String,java.lang.String,java.lang.String,java.lang.String,java.lang.String,java.lang.String)[pri:5, instance:com.XIPerformer.testcases.SanityTestCases@5c7933ad]" started-at="2025-11-18T18:36:08 IST" name="combinationMaster" data-provider="CombinationData" finished-at="2025-11-18T18:36:29 IST" duration-ms="20594" status="PASS">
          <params>
            <param index="0">
              <value>
                <![CDATA[]]>
              </value>
            </param>
            <param index="1">
              <value>
                <![CDATA[]]>
              </value>
            </param>
            <param index="2">
              <value>
                <![CDATA[Collaborate]]>
              </value>
            </param>
            <param index="3">
              <value>
                <![CDATA[Exercise 1]]>
              </value>
            </param>
            <param index="4">
              <value>
                <![CDATA[]]>
              </value>
            </param>
            <param index="5">
              <value>
                <![CDATA[]]>
              </value>
            </param>
            <param index="6">
              <value>
                <![CDATA[11]]>
              </value>
            </param>
            <param index="7">
              <value>
                <![CDATA[12]]>
              </value>
            </param>
            <param index="8">
              <value>
                <![CDATA[00:02:20]]>
              </value>
            </param>
            <param index="9">
              <value>
                <![CDATA[00:02:15]]>
              </value>
            </param>
            <param index="10">
              <value>
                <![CDATA[00:02:20]]>
              </value>
            </param>
          </params>
          <reporter-output>
          </reporter-output>
        </test-method> <!-- combinationMaster -->
        <test-method signature="combinationMaster(java.lang.String,java.lang.String,java.lang.String,java.lang.String,java.lang.String,java.lang.String,java.lang.String,java.lang.String,java.lang.String,java.lang.String,java.lang.String)[pri:5, instance:com.XIPerformer.testcases.SanityTestCases@5c7933ad]" started-at="2025-11-18T18:36:29 IST" name="combinationMaster" data-provider="CombinationData" finished-at="2025-11-18T18:36:49 IST" duration-ms="20371" status="PASS">
          <params>
            <param index="0">
              <value>
                <![CDATA[]]>
              </value>
            </param>
            <param index="1">
              <value>
                <![CDATA[]]>
              </value>
            </param>
            <param index="2">
              <value>
                <![CDATA[Collaborate]]>
              </value>
            </param>
            <param index="3">
              <value>
                <![CDATA[]]>
              </value>
            </param>
            <param index="4">
              <value>
                <![CDATA[Exercise 5]]>
              </value>
            </param>
            <param index="5">
              <value>
                <![CDATA[]]>
              </value>
            </param>
            <param index="6">
              <value>
                <![CDATA[10]]>
              </value>
            </param>
            <param index="7">
              <value>
                <![CDATA[11]]>
              </value>
            </param>
            <param index="8">
              <value>
                <![CDATA[00:03:10]]>
              </value>
            </param>
            <param index="9">
              <value>
                <![CDATA[00:02:20]]>
              </value>
            </param>
            <param index="10">
              <value>
                <![CDATA[01:04:10]]>
              </value>
            </param>
          </params>
          <reporter-output>
          </reporter-output>
        </test-method> <!-- combinationMaster -->
        <test-method signature="combinationMaster(java.lang.String,java.lang.String,java.lang.String,java.lang.String,java.lang.String,java.lang.String,java.lang.String,java.lang.String,java.lang.String,java.lang.String,java.lang.String)[pri:5, instance:com.XIPerformer.testcases.SanityTestCases@5c7933ad]" started-at="2025-11-18T18:36:49 IST" name="combinationMaster" data-provider="CombinationData" finished-at="2025-11-18T18:37:10 IST" duration-ms="20879" status="PASS">
          <params>
            <param index="0">
              <value>
                <![CDATA[]]>
              </value>
            </param>
            <param index="1">
              <value>
                <![CDATA[]]>
              </value>
            </param>
            <param index="2">
              <value>
                <![CDATA[Private]]>
              </value>
            </param>
            <param index="3">
              <value>
                <![CDATA[Exercise 2]]>
              </value>
            </param>
            <param index="4">
              <value>
                <![CDATA[]]>
              </value>
            </param>
            <param index="5">
              <value>
                <![CDATA[]]>
              </value>
            </param>
            <param index="6">
              <value>
                <![CDATA[11]]>
              </value>
            </param>
            <param index="7">
              <value>
                <![CDATA[12]]>
              </value>
            </param>
            <param index="8">
              <value>
                <![CDATA[00:03:10]]>
              </value>
            </param>
            <param index="9">
              <value>
                <![CDATA[02:02:20]]>
              </value>
            </param>
            <param index="10">
              <value>
                <![CDATA[03:04:10]]>
              </value>
            </param>
          </params>
          <reporter-output>
          </reporter-output>
        </test-method> <!-- combinationMaster -->
        <test-method signature="submitButton()[pri:6, instance:com.XIPerformer.testcases.SanityTestCases@5c7933ad]" started-at="2025-11-18T18:37:10 IST" name="submitButton" finished-at="2025-11-18T18:37:10 IST" duration-ms="206" status="PASS">
          <reporter-output>
          </reporter-output>
        </test-method> <!-- submitButton -->
        <test-method is-config="true" signature="teardown()[pri:0, instance:com.XIPerformer.testcases.SanityTestCases@5c7933ad]" started-at="2025-11-18T18:37:10 IST" name="teardown" finished-at="2025-11-18T18:37:14 IST" duration-ms="3414" status="PASS">
          <reporter-output>
          </reporter-output>
        </test-method> <!-- teardown -->
      </class> <!-- com.XIPerformer.testcases.SanityTestCases -->
    </test> <!-- XIPerformerTest -->
  </suite> <!-- XIPerformerTest -->
</testng-results>
