<?xml version="1.0" encoding="UTF-8"?>
<testng-results ignored="0" total="7" passed="7" failed="0" skipped="0">
  <reporter-output>
  </reporter-output>
  <suite started-at="2025-11-13T14:22:06 IST" name="XIPerformerTest" finished-at="2025-11-13T14:24:07 IST" duration-ms="121003">
    <groups>
    </groups>
    <test started-at="2025-11-13T14:22:06 IST" name="XIPerformerTest" finished-at="2025-11-13T14:24:07 IST" duration-ms="121003">
      <class name="com.XIPerformer.testcases.SanityTestCases">
        <test-method is-config="true" signature="setup()[pri:0, instance:com.XIPerformer.testcases.SanityTestCases@431cd9b2]" started-at="2025-11-13T14:22:06 IST" name="setup" finished-at="2025-11-13T14:22:19 IST" duration-ms="12810" status="PASS">
          <reporter-output>
          </reporter-output>
        </test-method> <!-- setup -->
        <test-method signature="loginjourney()[pri:1, instance:com.XIPerformer.testcases.SanityTestCases@431cd9b2]" started-at="2025-11-13T14:22:19 IST" name="loginjourney" finished-at="2025-11-13T14:22:23 IST" duration-ms="3667" status="PASS">
          <reporter-output>
          </reporter-output>
        </test-method> <!-- loginjourney -->
        <test-method signature="journey(java.lang.String,java.lang.String,java.lang.String,java.lang.String,[Ljava.lang.String;,java.lang.String,java.lang.String,java.lang.String,java.lang.String)[pri:2, instance:com.XIPerformer.testcases.SanityTestCases@431cd9b2]" started-at="2025-11-13T14:22:25 IST" name="journey" data-provider="ExeciseData" finished-at="2025-11-13T14:22:51 IST" duration-ms="26196" status="PASS">
          <params>
            <param index="0">
              <value>
                <![CDATA[Arm Circles]]>
              </value>
            </param>
            <param index="1">
              <value>
                <![CDATA[workout]]>
              </value>
            </param>
            <param index="2">
              <value>
                <![CDATA[Warm Up]]>
              </value>
            </param>
            <param index="3">
              <value>
                <![CDATA[Count]]>
              </value>
            </param>
            <param index="4">
              <value>
                <![CDATA[[Ljava.lang.String;@5f20155b]]>
              </value>
            </param>
            <param index="5">
              <value>
                <![CDATA[Purpose: Strengthens lats, traps, and rhomboids.]]>
              </value>
            </param>
            <param index="6">
              <value>
                <![CDATA[Focus on Form: Keep your back straight; avoid rounding your spine.]]>
              </value>
            </param>
            <param index="7">
              <value>
                <![CDATA[C:\\Users\\vinot\\Downloads\\OIP.jpeg]]>
              </value>
            </param>
            <param index="8">
              <value>
                <![CDATA[https://www.youtube.com/]]>
              </value>
            </param>
          </params>
          <reporter-output>
          </reporter-output>
        </test-method> <!-- journey -->
        <test-method signature="journey(java.lang.String,java.lang.String,java.lang.String,java.lang.String,[Ljava.lang.String;,java.lang.String,java.lang.String,java.lang.String,java.lang.String)[pri:2, instance:com.XIPerformer.testcases.SanityTestCases@431cd9b2]" started-at="2025-11-13T14:22:51 IST" name="journey" data-provider="ExeciseData" finished-at="2025-11-13T14:23:09 IST" duration-ms="18165" status="PASS">
          <params>
            <param index="0">
              <value>
                <![CDATA[Jumping Jacks]]>
              </value>
            </param>
            <param index="1">
              <value>
                <![CDATA[workout]]>
              </value>
            </param>
            <param index="2">
              <value>
                <![CDATA[Warm Up]]>
              </value>
            </param>
            <param index="3">
              <value>
                <![CDATA[Count]]>
              </value>
            </param>
            <param index="4">
              <value>
                <![CDATA[[Ljava.lang.String;@72ade7e3]]>
              </value>
            </param>
            <param index="5">
              <value>
                <![CDATA[Purpose: Strengthens lats, traps, and rhomboids.]]>
              </value>
            </param>
            <param index="6">
              <value>
                <![CDATA[Focus on Form: Keep your back straight; avoid rounding your spine.]]>
              </value>
            </param>
            <param index="7">
              <value>
                <![CDATA[C:\\Users\\vinot\\Downloads\\OIP.jpeg]]>
              </value>
            </param>
            <param index="8">
              <value>
                <![CDATA[https://www.youtube.com/]]>
              </value>
            </param>
          </params>
          <reporter-output>
          </reporter-output>
        </test-method> <!-- journey -->
        <test-method signature="journey(java.lang.String,java.lang.String,java.lang.String,java.lang.String,[Ljava.lang.String;,java.lang.String,java.lang.String,java.lang.String,java.lang.String)[pri:2, instance:com.XIPerformer.testcases.SanityTestCases@431cd9b2]" started-at="2025-11-13T14:23:09 IST" name="journey" data-provider="ExeciseData" finished-at="2025-11-13T14:23:27 IST" duration-ms="18014" status="PASS">
          <params>
            <param index="0">
              <value>
                <![CDATA[Shoulder Rolls]]>
              </value>
            </param>
            <param index="1">
              <value>
                <![CDATA[workout]]>
              </value>
            </param>
            <param index="2">
              <value>
                <![CDATA[Warm Up]]>
              </value>
            </param>
            <param index="3">
              <value>
                <![CDATA[Count]]>
              </value>
            </param>
            <param index="4">
              <value>
                <![CDATA[[Ljava.lang.String;@239105a8]]>
              </value>
            </param>
            <param index="5">
              <value>
                <![CDATA[Purpose: Strengthens lats, traps, and rhomboids.]]>
              </value>
            </param>
            <param index="6">
              <value>
                <![CDATA[Focus on Form: Keep your back straight; avoid rounding your spine.]]>
              </value>
            </param>
            <param index="7">
              <value>
                <![CDATA[C:\\Users\\vinot\\Downloads\\OIP.jpeg]]>
              </value>
            </param>
            <param index="8">
              <value>
                <![CDATA[https://www.youtube.com/]]>
              </value>
            </param>
          </params>
          <reporter-output>
          </reporter-output>
        </test-method> <!-- journey -->
        <test-method signature="journey(java.lang.String,java.lang.String,java.lang.String,java.lang.String,[Ljava.lang.String;,java.lang.String,java.lang.String,java.lang.String,java.lang.String)[pri:2, instance:com.XIPerformer.testcases.SanityTestCases@431cd9b2]" started-at="2025-11-13T14:23:27 IST" name="journey" data-provider="ExeciseData" finished-at="2025-11-13T14:23:46 IST" duration-ms="18422" status="PASS">
          <params>
            <param index="0">
              <value>
                <![CDATA[Neck Rotations]]>
              </value>
            </param>
            <param index="1">
              <value>
                <![CDATA[Technique]]>
              </value>
            </param>
            <param index="2">
              <value>
                <![CDATA[Warm Down]]>
              </value>
            </param>
            <param index="3">
              <value>
                <![CDATA[Count]]>
              </value>
            </param>
            <param index="4">
              <value>
                <![CDATA[[Ljava.lang.String;@3fce8fd9]]>
              </value>
            </param>
            <param index="5">
              <value>
                <![CDATA[Purpose: Strengthens lats, traps, and rhomboids.]]>
              </value>
            </param>
            <param index="6">
              <value>
                <![CDATA[Focus on Form: Keep your back straight; avoid rounding your spine.]]>
              </value>
            </param>
            <param index="7">
              <value>
                <![CDATA[C:\\Users\\vinot\\Downloads\\OIP.jpeg]]>
              </value>
            </param>
            <param index="8">
              <value>
                <![CDATA[https://www.youtube.com/]]>
              </value>
            </param>
          </params>
          <reporter-output>
          </reporter-output>
        </test-method> <!-- journey -->
        <test-method signature="journey(java.lang.String,java.lang.String,java.lang.String,java.lang.String,[Ljava.lang.String;,java.lang.String,java.lang.String,java.lang.String,java.lang.String)[pri:2, instance:com.XIPerformer.testcases.SanityTestCases@431cd9b2]" started-at="2025-11-13T14:23:46 IST" name="journey" data-provider="ExeciseData" finished-at="2025-11-13T14:24:04 IST" duration-ms="17977" status="PASS">
          <params>
            <param index="0">
              <value>
                <![CDATA[High Knees]]>
              </value>
            </param>
            <param index="1">
              <value>
                <![CDATA[Technique]]>
              </value>
            </param>
            <param index="2">
              <value>
                <![CDATA[Running]]>
              </value>
            </param>
            <param index="3">
              <value>
                <![CDATA[Second]]>
              </value>
            </param>
            <param index="4">
              <value>
                <![CDATA[[Ljava.lang.String;@51a9ad5e]]>
              </value>
            </param>
            <param index="5">
              <value>
                <![CDATA[Purpose: Strengthens lats, traps, and rhomboids.]]>
              </value>
            </param>
            <param index="6">
              <value>
                <![CDATA[Focus on Form: Keep your back straight; avoid rounding your spine.]]>
              </value>
            </param>
            <param index="7">
              <value>
                <![CDATA[C:\\Users\\vinot\\Downloads\\OIP.jpeg]]>
              </value>
            </param>
            <param index="8">
              <value>
                <![CDATA[https://www.youtube.com/]]>
              </value>
            </param>
          </params>
          <reporter-output>
          </reporter-output>
        </test-method> <!-- journey -->
        <test-method signature="downloadExecise()[pri:3, instance:com.XIPerformer.testcases.SanityTestCases@431cd9b2]" started-at="2025-11-13T14:24:04 IST" name="downloadExecise" finished-at="2025-11-13T14:24:04 IST" duration-ms="96" status="PASS">
          <reporter-output>
          </reporter-output>
        </test-method> <!-- downloadExecise -->
        <test-method is-config="true" signature="teardown()[pri:0, instance:com.XIPerformer.testcases.SanityTestCases@431cd9b2]" started-at="2025-11-13T14:24:04 IST" name="teardown" finished-at="2025-11-13T14:24:07 IST" duration-ms="3356" status="PASS">
          <reporter-output>
          </reporter-output>
        </test-method> <!-- teardown -->
      </class> <!-- com.XIPerformer.testcases.SanityTestCases -->
    </test> <!-- XIPerformerTest -->
  </suite> <!-- XIPerformerTest -->
</testng-results>
