<?xml version="1.0" encoding="UTF-8"?>
<testng-results ignored="0" total="5" passed="4" failed="1" skipped="0">
  <reporter-output>
  </reporter-output>
  <suite started-at="2025-11-22T16:34:44 IST" name="XIPerformerTest" finished-at="2025-11-22T16:36:29 IST" duration-ms="105064">
    <groups>
    </groups>
    <test started-at="2025-11-22T16:34:44 IST" name="XIPerformerTest" finished-at="2025-11-22T16:36:29 IST" duration-ms="105064">
      <class name="com.XIPerformer.testcases.SanityTestCases">
        <test-method is-config="true" signature="setup()[pri:0, instance:com.XIPerformer.testcases.SanityTestCases@77f1baf5]" started-at="2025-11-22T16:34:44 IST" name="setup" finished-at="2025-11-22T16:34:55 IST" duration-ms="11566" status="PASS">
          <reporter-output>
          </reporter-output>
        </test-method> <!-- setup -->
        <test-method signature="loginjourney()[pri:1, instance:com.XIPerformer.testcases.SanityTestCases@77f1baf5]" started-at="2025-11-22T16:34:55 IST" name="loginjourney" finished-at="2025-11-22T16:34:59 IST" duration-ms="3599" status="PASS">
          <reporter-output>
          </reporter-output>
        </test-method> <!-- loginjourney -->
        <test-method signature="newPreparationwithdata(java.lang.String,java.lang.String,java.lang.String,java.lang.String,java.lang.String,java.lang.String,java.lang.String,java.lang.String,java.lang.String,java.lang.String,java.lang.String,java.lang.String,java.lang.String)[pri:9, instance:com.XIPerformer.testcases.SanityTestCases@77f1baf5]" started-at="2025-11-22T16:35:00 IST" name="newPreparationwithdata" data-provider="NewPreparationData" finished-at="2025-11-22T16:35:37 IST" duration-ms="36736" status="PASS">
          <params>
            <param index="0">
              <value>
                <![CDATA[19-11-2025]]>
              </value>
            </param>
            <param index="1">
              <value>
                <![CDATA[22-11-2025]]>
              </value>
            </param>
            <param index="2">
              <value>
                <![CDATA[Arasan ,Vadivel]]>
              </value>
            </param>
            <param index="3">
              <value>
                <![CDATA[Morning]]>
              </value>
            </param>
            <param index="4">
              <value>
                <![CDATA[Custom]]>
              </value>
            </param>
            <param index="5">
              <value>
                <![CDATA[Custom]]>
              </value>
            </param>
            <param index="6">
              <value>
                <![CDATA[]]>
              </value>
            </param>
            <param index="7">
              <value>
                <![CDATA[Exercise 4]]>
              </value>
            </param>
            <param index="8">
              <value>
                <![CDATA[11]]>
              </value>
            </param>
            <param index="9">
              <value>
                <![CDATA[12]]>
              </value>
            </param>
            <param index="10">
              <value>
                <![CDATA[00:04:05]]>
              </value>
            </param>
            <param index="11">
              <value>
                <![CDATA[00:02:10]]>
              </value>
            </param>
            <param index="12">
              <value>
                <![CDATA[01:04:10]]>
              </value>
            </param>
          </params>
          <reporter-output>
          </reporter-output>
        </test-method> <!-- newPreparationwithdata -->
        <test-method signature="newPreparationwithdata(java.lang.String,java.lang.String,java.lang.String,java.lang.String,java.lang.String,java.lang.String,java.lang.String,java.lang.String,java.lang.String,java.lang.String,java.lang.String,java.lang.String,java.lang.String)[pri:9, instance:com.XIPerformer.testcases.SanityTestCases@77f1baf5]" started-at="2025-11-22T16:35:37 IST" name="newPreparationwithdata" data-provider="NewPreparationData" finished-at="2025-11-22T16:36:10 IST" duration-ms="33181" status="PASS">
          <params>
            <param index="0">
              <value>
                <![CDATA[10-10-2025]]>
              </value>
            </param>
            <param index="1">
              <value>
                <![CDATA[19-11-2025]]>
              </value>
            </param>
            <param index="2">
              <value>
                <![CDATA[Vadivel]]>
              </value>
            </param>
            <param index="3">
              <value>
                <![CDATA[Evening]]>
              </value>
            </param>
            <param index="4">
              <value>
                <![CDATA[Custom]]>
              </value>
            </param>
            <param index="5">
              <value>
                <![CDATA[Custom]]>
              </value>
            </param>
            <param index="6">
              <value>
                <![CDATA[Exercise 1]]>
              </value>
            </param>
            <param index="7">
              <value>
                <![CDATA[]]>
              </value>
            </param>
            <param index="8">
              <value>
                <![CDATA[11]]>
              </value>
            </param>
            <param index="9">
              <value>
                <![CDATA[12]]>
              </value>
            </param>
            <param index="10">
              <value>
                <![CDATA[00:04:05]]>
              </value>
            </param>
            <param index="11">
              <value>
                <![CDATA[00:02:10]]>
              </value>
            </param>
            <param index="12">
              <value>
                <![CDATA[01:04:10]]>
              </value>
            </param>
          </params>
          <reporter-output>
          </reporter-output>
        </test-method> <!-- newPreparationwithdata -->
        <test-method signature="newPreparationwithdataEdit(java.lang.String,java.lang.String)[pri:10, instance:com.XIPerformer.testcases.SanityTestCases@77f1baf5]" started-at="2025-11-22T16:36:10 IST" name="newPreparationwithdataEdit" data-provider="NewPreparationEditData" finished-at="2025-11-22T16:36:20 IST" duration-ms="9803" status="FAIL">
          <params>
            <param index="0">
              <value>
                <![CDATA[Exercise 4]]>
              </value>
            </param>
            <param index="1">
              <value>
                <![CDATA[1]]>
              </value>
            </param>
          </params>
          <exception class="org.openqa.selenium.StaleElementReferenceException">
            <message>
              <![CDATA[stale element reference: stale element not found
  (Session info: chrome=142.0.7444.135)
For documentation on this error, please visit: https://www.selenium.dev/documentation/webdriver/troubleshooting/errors#stale-element-reference-exception
Build info: version: '4.18.1', revision: 'b1d3319b48'
System info: os.name: 'Windows 11', os.arch: 'amd64', os.version: '10.0', java.version: '17.0.8'
Driver info: org.openqa.selenium.chrome.ChromeDriver
Command: [d4c42dff24e4323815169d7db38687d9, findChildElements {using=tag name, value=td, id=f.605864C31A81A54D0D5514B5DF1D7A9A.d.B01D308784DE5AD60C39252EEF681D16.e.787}]
Capabilities {acceptInsecureCerts: false, browserName: chrome, browserVersion: 142.0.7444.135, chrome: {chromedriverVersion: 142.0.7444.175 (302067f14a4..., userDataDir: C:\Users\vinot\AppData\Loca...}, fedcm:accounts: true, goog:chromeOptions: {debuggerAddress: localhost:53333}, goog:processID: 28248, networkConnectionEnabled: false, pageLoadStrategy: normal, platformName: windows, proxy: Proxy(), se:cdp: ws://localhost:53333/devtoo..., se:cdpVersion: 142.0.7444.135, setWindowRect: true, strictFileInteractability: false, timeouts: {implicit: 0, pageLoad: 300000, script: 30000}, unhandledPromptBehavior: dismiss and notify, webauthn:extension:credBlob: true, webauthn:extension:largeBlob: true, webauthn:extension:minPinLength: true, webauthn:extension:prf: true, webauthn:virtualAuthenticators: true}
Session ID: d4c42dff24e4323815169d7db38687d9]]>
            </message>
            <full-stacktrace>
              <![CDATA[org.openqa.selenium.StaleElementReferenceException: stale element reference: stale element not found
  (Session info: chrome=142.0.7444.135)
For documentation on this error, please visit: https://www.selenium.dev/documentation/webdriver/troubleshooting/errors#stale-element-reference-exception
Build info: version: '4.18.1', revision: 'b1d3319b48'
System info: os.name: 'Windows 11', os.arch: 'amd64', os.version: '10.0', java.version: '17.0.8'
Driver info: org.openqa.selenium.chrome.ChromeDriver
Command: [d4c42dff24e4323815169d7db38687d9, findChildElements {using=tag name, value=td, id=f.605864C31A81A54D0D5514B5DF1D7A9A.d.B01D308784DE5AD60C39252EEF681D16.e.787}]
Capabilities {acceptInsecureCerts: false, browserName: chrome, browserVersion: 142.0.7444.135, chrome: {chromedriverVersion: 142.0.7444.175 (302067f14a4..., userDataDir: C:\Users\vinot\AppData\Loca...}, fedcm:accounts: true, goog:chromeOptions: {debuggerAddress: localhost:53333}, goog:processID: 28248, networkConnectionEnabled: false, pageLoadStrategy: normal, platformName: windows, proxy: Proxy(), se:cdp: ws://localhost:53333/devtoo..., se:cdpVersion: 142.0.7444.135, setWindowRect: true, strictFileInteractability: false, timeouts: {implicit: 0, pageLoad: 300000, script: 30000}, unhandledPromptBehavior: dismiss and notify, webauthn:extension:credBlob: true, webauthn:extension:largeBlob: true, webauthn:extension:minPinLength: true, webauthn:extension:prf: true, webauthn:virtualAuthenticators: true}
Session ID: d4c42dff24e4323815169d7db38687d9
at java.base/jdk.internal.reflect.NativeConstructorAccessorImpl.newInstance0(Native Method)
at java.base/jdk.internal.reflect.NativeConstructorAccessorImpl.newInstance(NativeConstructorAccessorImpl.java:77)
at java.base/jdk.internal.reflect.DelegatingConstructorAccessorImpl.newInstance(DelegatingConstructorAccessorImpl.java:45)
at java.base/java.lang.reflect.Constructor.newInstanceWithCaller(Constructor.java:499)
at java.base/java.lang.reflect.Constructor.newInstance(Constructor.java:480)
at org.openqa.selenium.remote.ErrorCodec.decode(ErrorCodec.java:167)
at org.openqa.selenium.remote.codec.w3c.W3CHttpResponseCodec.decode(W3CHttpResponseCodec.java:138)
at org.openqa.selenium.remote.codec.w3c.W3CHttpResponseCodec.decode(W3CHttpResponseCodec.java:50)
at org.openqa.selenium.remote.HttpCommandExecutor.execute(HttpCommandExecutor.java:190)
at org.openqa.selenium.remote.service.DriverCommandExecutor.invokeExecute(DriverCommandExecutor.java:216)
at org.openqa.selenium.remote.service.DriverCommandExecutor.execute(DriverCommandExecutor.java:174)
at org.openqa.selenium.remote.RemoteWebDriver.execute(RemoteWebDriver.java:519)
at org.openqa.selenium.remote.ElementLocation$ElementFinder$2.findElements(ElementLocation.java:182)
at org.openqa.selenium.remote.ElementLocation.findElements(ElementLocation.java:103)
at org.openqa.selenium.remote.RemoteWebDriver.findElements(RemoteWebDriver.java:369)
at org.openqa.selenium.remote.RemoteWebElement.findElements(RemoteWebElement.java:203)
at com.XIPerformer.pageobject.NewPreparationPage.tableDataEdit(NewPreparationPage.java:360)
at com.XIPerformer.testcases.SanityTestCases.newPreparationwithdataEdit(SanityTestCases.java:115)
at java.base/jdk.internal.reflect.NativeMethodAccessorImpl.invoke0(Native Method)
at java.base/jdk.internal.reflect.NativeMethodAccessorImpl.invoke(NativeMethodAccessorImpl.java:77)
at java.base/jdk.internal.reflect.DelegatingMethodAccessorImpl.invoke(DelegatingMethodAccessorImpl.java:43)
at java.base/java.lang.reflect.Method.invoke(Method.java:568)
at org.testng.internal.invokers.MethodInvocationHelper.invokeMethod(MethodInvocationHelper.java:141)
at org.testng.internal.invokers.TestInvoker.invokeMethod(TestInvoker.java:686)
at org.testng.internal.invokers.TestInvoker.invokeTestMethod(TestInvoker.java:230)
at org.testng.internal.invokers.MethodRunner.runInSequence(MethodRunner.java:63)
at org.testng.internal.invokers.TestInvoker$MethodInvocationAgent.invoke(TestInvoker.java:992)
at org.testng.internal.invokers.TestInvoker.invokeTestMethods(TestInvoker.java:203)
at org.testng.internal.invokers.TestMethodWorker.invokeTestMethods(TestMethodWorker.java:154)
at org.testng.internal.invokers.TestMethodWorker.run(TestMethodWorker.java:134)
at java.base/java.util.concurrent.Executors$RunnableAdapter.call(Executors.java:539)
at java.base/java.util.concurrent.FutureTask.run(FutureTask.java:264)
at org.testng.internal.thread.graph.TestNGFutureTask.run(TestNGFutureTask.java:22)
at java.base/java.util.concurrent.ThreadPoolExecutor.runWorker(ThreadPoolExecutor.java:1136)
at java.base/java.util.concurrent.ThreadPoolExecutor$Worker.run(ThreadPoolExecutor.java:635)
at java.base/java.lang.Thread.run(Thread.java:833)
]]>
            </full-stacktrace>
          </exception> <!-- org.openqa.selenium.StaleElementReferenceException -->
          <reporter-output>
          </reporter-output>
        </test-method> <!-- newPreparationwithdataEdit -->
        <test-method signature="assignButtonEdit()[pri:11, instance:com.XIPerformer.testcases.SanityTestCases@77f1baf5]" started-at="2025-11-22T16:36:20 IST" name="assignButtonEdit" finished-at="2025-11-22T16:36:25 IST" duration-ms="5193" status="PASS">
          <reporter-output>
          </reporter-output>
        </test-method> <!-- assignButtonEdit -->
        <test-method is-config="true" signature="teardown()[pri:0, instance:com.XIPerformer.testcases.SanityTestCases@77f1baf5]" started-at="2025-11-22T16:36:25 IST" name="teardown" finished-at="2025-11-22T16:36:29 IST" duration-ms="3405" status="PASS">
          <reporter-output>
          </reporter-output>
        </test-method> <!-- teardown -->
      </class> <!-- com.XIPerformer.testcases.SanityTestCases -->
    </test> <!-- XIPerformerTest -->
  </suite> <!-- XIPerformerTest -->
</testng-results>
