<?xml version="1.0" encoding="UTF-8"?>
<!-- Generated by org.testng.reporters.JUnitReportReporter -->
<testsuite hostname="vinoth" failures="0" tests="13" name="com.XIPerformer.testcases.SanityTestCases" time="75.299" errors="0" timestamp="2025-11-24T12:12:23 IST" skipped="9">
  <testcase classname="com.XIPerformer.testcases.SanityTestCases" name="loginjourney" time="3.637"/>
  <testcase classname="com.XIPerformer.testcases.SanityTestCases" name="newPreparation" time="34.186"/>
  <testcase classname="com.XIPerformer.testcases.SanityTestCases" name="newPreparation" time="32.267"/>
  <testcase classname="com.XIPerformer.testcases.SanityTestCases" name="assignButton" time="5.209"/>
  <testcase classname="com.XIPerformer.testcases.SanityTestCases" name="combinationmasterClick">
    <skipped/>
  </testcase> <!-- combinationmasterClick -->
  <testcase classname="com.XIPerformer.testcases.SanityTestCases" name="newPreparationwithdata">
    <skipped/>
  </testcase> <!-- newPreparationwithdata -->
  <testcase classname="com.XIPerformer.testcases.SanityTestCases" name="assignButtonEdit">
    <skipped/>
  </testcase> <!-- assignButtonEdit -->
  <testcase classname="com.XIPerformer.testcases.SanityTestCases" name="ExerciseMaster">
    <skipped/>
  </testcase> <!-- ExerciseMaster -->
  <testcase classname="com.XIPerformer.testcases.SanityTestCases" name="execisejourney">
    <skipped/>
  </testcase> <!-- execisejourney -->
  <testcase classname="com.XIPerformer.testcases.SanityTestCases" name="newPreparationwithdataEdit">
    <skipped/>
  </testcase> <!-- newPreparationwithdataEdit -->
  <testcase classname="com.XIPerformer.testcases.SanityTestCases" name="downloadExecise">
    <skipped/>
  </testcase> <!-- downloadExecise -->
  <testcase classname="com.XIPerformer.testcases.SanityTestCases" name="submitButton">
    <skipped/>
  </testcase> <!-- submitButton -->
  <testcase classname="com.XIPerformer.testcases.SanityTestCases" name="combinationMaster">
    <skipped/>
  </testcase> <!-- combinationMaster -->
</testsuite> <!-- com.XIPerformer.testcases.SanityTestCases -->
