<?xml version="1.0" encoding="UTF-8"?>
<!-- Generated by org.testng.reporters.JUnitReportReporter -->
<testsuite hostname="vinoth" failures="0" tests="14" name="com.XIPerformer.testcases.SanityTestCases" time="331.886" errors="0" timestamp="2025-11-19T10:30:02 IST" skipped="0">
  <testcase classname="com.XIPerformer.testcases.SanityTestCases" name="loginjourney" time="3.981"/>
  <testcase classname="com.XIPerformer.testcases.SanityTestCases" name="execisejourney" time="38.975"/>
  <testcase classname="com.XIPerformer.testcases.SanityTestCases" name="execisejourney" time="39.310"/>
  <testcase classname="com.XIPerformer.testcases.SanityTestCases" name="execisejourney" time="40.794"/>
  <testcase classname="com.XIPerformer.testcases.SanityTestCases" name="execisejourney" time="38.722"/>
  <testcase classname="com.XIPerformer.testcases.SanityTestCases" name="execisejourney" time="38.816"/>
  <testcase classname="com.XIPerformer.testcases.SanityTestCases" name="downloadExecise" time="0.188"/>
  <testcase classname="com.XIPerformer.testcases.SanityTestCases" name="combinationmasterClick" time="8.943"/>
  <testcase classname="com.XIPerformer.testcases.SanityTestCases" name="combinationMaster" time="24.059"/>
  <testcase classname="com.XIPerformer.testcases.SanityTestCases" name="combinationMaster" time="24.378"/>
  <testcase classname="com.XIPerformer.testcases.SanityTestCases" name="combinationMaster" time="23.984"/>
  <testcase classname="com.XIPerformer.testcases.SanityTestCases" name="combinationMaster" time="25.870"/>
  <testcase classname="com.XIPerformer.testcases.SanityTestCases" name="combinationMaster" time="23.638"/>
  <testcase classname="com.XIPerformer.testcases.SanityTestCases" name="submitButton" time="0.228"/>
</testsuite> <!-- com.XIPerformer.testcases.SanityTestCases -->
