<?xml version="1.0" encoding="UTF-8"?>
<!-- Generated by org.testng.reporters.JUnitReportReporter -->
<testsuite hostname="vinoth" failures="0" tests="3" name="com.XIPerformer.testcases.SanityManagerLoginUserReg" time="128.770" errors="0" timestamp="2025-11-28T17:18:49 IST" skipped="0">
  <testcase classname="com.XIPerformer.testcases.SanityManagerLoginUserReg" name="loginjourney" time="3.733"/>
  <testcase classname="com.XIPerformer.testcases.SanityManagerLoginUserReg" name="userRegisterDetailsForCoach" time="60.449"/>
  <testcase classname="com.XIPerformer.testcases.SanityManagerLoginUserReg" name="userRegisterDetailsForPlayer" time="64.588"/>
</testsuite> <!-- com.XIPerformer.testcases.SanityManagerLoginUserReg -->
