<?xml version="1.0" encoding="UTF-8"?>
<!-- Generated by org.testng.reporters.JUnitReportReporter -->
<testsuite hostname="vinoth" failures="0" tests="7" name="com.XIPerformer.testcases.SanityTestCases" time="102.537" errors="0" timestamp="2025-11-13T14:24:07 IST" skipped="0">
  <testcase classname="com.XIPerformer.testcases.SanityTestCases" name="loginjourney" time="3.667"/>
  <testcase classname="com.XIPerformer.testcases.SanityTestCases" name="journey" time="17.977"/>
  <testcase classname="com.XIPerformer.testcases.SanityTestCases" name="journey" time="26.196"/>
  <testcase classname="com.XIPerformer.testcases.SanityTestCases" name="journey" time="18.165"/>
  <testcase classname="com.XIPerformer.testcases.SanityTestCases" name="journey" time="18.014"/>
  <testcase classname="com.XIPerformer.testcases.SanityTestCases" name="journey" time="18.422"/>
  <testcase classname="com.XIPerformer.testcases.SanityTestCases" name="downloadExecise" time="0.096"/>
</testsuite> <!-- com.XIPerformer.testcases.SanityTestCases -->
